#
# There is insufficient memory for the Java Runtime Environment to continue.
# Native memory allocation (mmap) failed to map 130023424 bytes for G1 virtual space
# Possible reasons:
#   The system is out of physical RAM or swap space
#   The process is running with CompressedOops enabled, and the Java Heap may be blocking the growth of the native heap
# Possible solutions:
#   Reduce memory load on the system
#   Increase physical memory or swap space
#   Check if swap backing store is full
#   Decrease Java heap size (-Xmx/-Xms)
#   Decrease number of Java threads
#   Decrease Java thread stack sizes (-Xss)
#   Set larger code cache with -XX:ReservedCodeCacheSize=
#   JVM is running with Unscaled Compressed Oops mode in which the Java heap is
#     placed in the first 4GB address space. The Java Heap base address is the
#     maximum limit for the native heap growth. Please use -XX:HeapBaseMinAddress
#     to set the Java Heap base and to place the Java Heap above 4GB virtual address.
# This output file may be truncated or incomplete.
#
#  Out of Memory Error (os_windows.cpp:3550), pid=20520, tid=21272
#
# JRE version:  (17.0.7+8) (build )
# Java VM: Java HotSpot(TM) 64-Bit Server VM (17.0.7+8-LTS-224, mixed mode, sharing, tiered, compressed oops, compressed class ptrs, g1 gc, windows-amd64)
# No core dump will be written. Minidumps are not enabled by default on client versions of Windows
#

---------------  S U M M A R Y ------------

Command Line: -Dfile.encoding=UTF-8 -XX:+ShowCodeDetailsInExceptionMessages JDBC.mains

Host: 12th Gen Intel(R) Core(TM) i5-1240P, 16 cores, 7G,  Windows 11 , 64 bit Build 22621 (10.0.22621.1778)
Time: Fri Jun  2 16:38:59 2023 India Standard Time elapsed time: 0.018166 seconds (0d 0h 0m 0s)

---------------  T H R E A D  ---------------

Current thread (0x0000021e80c685c0):  JavaThread "Unknown thread" [_thread_in_vm, id=21272, stack(0x000000e5bf600000,0x000000e5bf700000)]

Stack: [0x000000e5bf600000,0x000000e5bf700000]
Native frames: (J=compiled Java code, j=interpreted, Vv=VM code, C=native code)
V  [jvm.dll+0x676a4a]
V  [jvm.dll+0x7d74f4]
V  [jvm.dll+0x7d8c9e]
V  [jvm.dll+0x7d9303]
V  [jvm.dll+0x2452c5]
V  [jvm.dll+0x6738f9]
V  [jvm.dll+0x668232]
V  [jvm.dll+0x302826]
V  [jvm.dll+0x309da6]
V  [jvm.dll+0x35952e]
V  [jvm.dll+0x35975f]
V  [jvm.dll+0x2d9a38]
V  [jvm.dll+0x2da9a4]
V  [jvm.dll+0x7a8fb1]
V  [jvm.dll+0x3670e1]
V  [jvm.dll+0x788359]
V  [jvm.dll+0x3ea5ef]
V  [jvm.dll+0x3ec071]
C  [jli.dll+0x5297]
C  [ucrtbase.dll+0x29363]
C  [KERNEL32.DLL+0x126ad]
C  [ntdll.dll+0x5a9f8]


---------------  P R O C E S S  ---------------

Threads class SMR info:
_java_thread_list=0x00007ff86eca4998, length=0, elements={
}

Java Threads: ( => current thread )

Other Threads:
  0x0000021e80cc3de0 GCTaskThread "GC Thread#0" [stack: 0x000000e5bf700000,0x000000e5bf800000] [id=20404]
  0x0000021e80cd4420 ConcurrentGCThread "G1 Main Marker" [stack: 0x000000e5bf800000,0x000000e5bf900000] [id=12584]
  0x0000021e80cd5730 ConcurrentGCThread "G1 Conc#0" [stack: 0x000000e5bf900000,0x000000e5bfa00000] [id=21860]

[error occurred during error reporting (printing all threads), id 0xc0000005, EXCEPTION_ACCESS_VIOLATION (0xc0000005) at pc=0x00007ff86e4da697]

VM state: not at safepoint (not fully initialized)

VM Mutex/Monitor currently owned by a thread:  ([mutex/lock_event])
[0x0000021e80c64ca0] Heap_lock - owner thread: 0x0000021e80c685c0

Heap address: 0x0000000084800000, size: 1976 MB, Compressed Oops mode: 32-bit

CDS archive(s) mapped at: [0x0000000000000000-0x0000000000000000-0x0000000000000000), size 0, SharedBaseAddress: 0x0000000800000000, ArchiveRelocationMode: 0.
Narrow klass base: 0x0000000000000000, Narrow klass shift: 0, Narrow klass range: 0x0

GC Precious Log:
<Empty>

Heap:
 garbage-first heap   total 0K, used 0K [0x0000000084800000, 0x0000000100000000)
  region size 1024K, 0 young (0K), 0 survivors (0K)

[error occurred during error reporting (printing heap information), id 0xc0000005, EXCEPTION_ACCESS_VIOLATION (0xc0000005) at pc=0x00007ff86e8c00b9]

GC Heap History (0 events):
No events

Deoptimization events (0 events):
No events

Classes unloaded (0 events):
No events

Classes redefined (0 events):
No events

Internal exceptions (0 events):
No events

VM Operations (0 events):
No events

Events (1 events):
Event: 0.011 Loaded shared library C:\Program Files\Java\jdk-17\bin\java.dll


Dynamic libraries:
0x00007ff723500000 - 0x00007ff723510000 	C:\Program Files\Java\jdk-17\bin\javaw.exe
0x00007ff8c9af0000 - 0x00007ff8c9d04000 	C:\WINDOWS\SYSTEM32\ntdll.dll
0x00007ff8c9180000 - 0x00007ff8c9242000 	C:\WINDOWS\System32\KERNEL32.DLL
0x00007ff8c7370000 - 0x00007ff8c7713000 	C:\WINDOWS\System32\KERNELBASE.dll
0x00007ff8c6ef0000 - 0x00007ff8c7001000 	C:\WINDOWS\System32\ucrtbase.dll
0x00007ff8bffd0000 - 0x00007ff8bffe9000 	C:\Program Files\Java\jdk-17\bin\jli.dll
0x00007ff8c86c0000 - 0x00007ff8c876e000 	C:\WINDOWS\System32\ADVAPI32.dll
0x00007ff8c8920000 - 0x00007ff8c89c7000 	C:\WINDOWS\System32\msvcrt.dll
0x00007ff8c8f20000 - 0x00007ff8c8fc4000 	C:\WINDOWS\System32\sechost.dll
0x00007ff8c7b00000 - 0x00007ff8c7c17000 	C:\WINDOWS\System32\RPCRT4.dll
0x00007ff8c0020000 - 0x00007ff8c003b000 	C:\Program Files\Java\jdk-17\bin\VCRUNTIME140.dll
0x00007ff8c8d60000 - 0x00007ff8c8f0b000 	C:\WINDOWS\System32\USER32.dll
0x00007ff8c7180000 - 0x00007ff8c71a6000 	C:\WINDOWS\System32\win32u.dll
0x00007ff8c9150000 - 0x00007ff8c9179000 	C:\WINDOWS\System32\GDI32.dll
0x00007ff8c7250000 - 0x00007ff8c7369000 	C:\WINDOWS\System32\gdi32full.dll
0x00007ff8c71b0000 - 0x00007ff8c724a000 	C:\WINDOWS\System32\msvcp_win.dll
0x00007ff8af350000 - 0x00007ff8af5de000 	C:\WINDOWS\WinSxS\amd64_microsoft.windows.common-controls_6595b64144ccf1df_6.0.22621.1635_none_270f70857386168e\COMCTL32.dll
0x00007ff8be5e0000 - 0x00007ff8be5ea000 	C:\WINDOWS\SYSTEM32\VERSION.dll
0x00007ff8c97d0000 - 0x00007ff8c9801000 	C:\WINDOWS\System32\IMM32.DLL
0x00007ff8c2410000 - 0x00007ff8c241c000 	C:\Program Files\Java\jdk-17\bin\vcruntime140_1.dll
0x00007ff8ba1b0000 - 0x00007ff8ba23e000 	C:\Program Files\Java\jdk-17\bin\msvcp140.dll
0x00007ff86e1f0000 - 0x00007ff86edcd000 	C:\Program Files\Java\jdk-17\bin\server\jvm.dll
0x00007ff8c78d0000 - 0x00007ff8c78d8000 	C:\WINDOWS\System32\PSAPI.DLL
0x00007ff8b0250000 - 0x00007ff8b0259000 	C:\WINDOWS\SYSTEM32\WSOCK32.dll
0x00007ff8c88a0000 - 0x00007ff8c8911000 	C:\WINDOWS\System32\WS2_32.dll
0x00007ff8befb0000 - 0x00007ff8befe4000 	C:\WINDOWS\SYSTEM32\WINMM.dll
0x00007ff8c6030000 - 0x00007ff8c6048000 	C:\WINDOWS\SYSTEM32\kernel.appcore.dll
0x00007ff8c23b0000 - 0x00007ff8c23ba000 	C:\Program Files\Java\jdk-17\bin\jimage.dll
0x00007ff8c4610000 - 0x00007ff8c483e000 	C:\WINDOWS\SYSTEM32\DBGHELP.DLL
0x00007ff8c89d0000 - 0x00007ff8c8d59000 	C:\WINDOWS\System32\combase.dll
0x00007ff8c99d0000 - 0x00007ff8c9aa7000 	C:\WINDOWS\System32\OLEAUT32.dll
0x00007ff8bddc0000 - 0x00007ff8bddf2000 	C:\WINDOWS\SYSTEM32\dbgcore.DLL
0x00007ff8c7790000 - 0x00007ff8c780b000 	C:\WINDOWS\System32\bcryptPrimitives.dll
0x00007ff8ba2e0000 - 0x00007ff8ba305000 	C:\Program Files\Java\jdk-17\bin\java.dll

dbghelp: loaded successfully - version: 4.0.5 - missing functions: none
symbol engine: initialized successfully - sym options: 0x614 - pdb path: .;C:\Program Files\Java\jdk-17\bin;C:\WINDOWS\SYSTEM32;C:\WINDOWS\WinSxS\amd64_microsoft.windows.common-controls_6595b64144ccf1df_6.0.22621.1635_none_270f70857386168e;C:\Program Files\Java\jdk-17\bin\server

VM Arguments:
jvm_args: -Dfile.encoding=UTF-8 -XX:+ShowCodeDetailsInExceptionMessages 
java_command: JDBC.mains
java_class_path (initial): C:\Users\suraj\eclipse-workspace\CMS\bin;C:\Program Files (x86)\MySQL\mysql-connector-j-8.0.33\mysql-connector-j-8.0.33.jar
Launcher Type: SUN_STANDARD

[Global flags]
     intx CICompilerCount                          = 12                                        {product} {ergonomic}
     uint ConcGCThreads                            = 3                                         {product} {ergonomic}
     uint G1ConcRefinementThreads                  = 13                                        {product} {ergonomic}
   size_t G1HeapRegionSize                         = 1048576                                   {product} {ergonomic}
    uintx GCDrainStackTargetSize                   = 64                                        {product} {ergonomic}
   size_t InitialHeapSize                          = 130023424                                 {product} {ergonomic}
   size_t MarkStackSize                            = 4194304                                   {product} {ergonomic}
   size_t MaxHeapSize                              = 2071986176                                {product} {ergonomic}
   size_t MinHeapDeltaBytes                        = 1048576                                   {product} {ergonomic}
   size_t MinHeapSize                              = 8388608                                   {product} {ergonomic}
    uintx NonNMethodCodeHeapSize                   = 7602480                                {pd product} {ergonomic}
    uintx NonProfiledCodeHeapSize                  = 122027880                              {pd product} {ergonomic}
    uintx ProfiledCodeHeapSize                     = 122027880                              {pd product} {ergonomic}
    uintx ReservedCodeCacheSize                    = 251658240                              {pd product} {ergonomic}
     bool SegmentedCodeCache                       = true                                      {product} {ergonomic}
     bool ShowCodeDetailsInExceptionMessages       = true                                   {manageable} {command line}
   size_t SoftMaxHeapSize                          = 2071986176                             {manageable} {ergonomic}
     bool UseCompressedClassPointers               = true                           {product lp64_product} {ergonomic}
     bool UseCompressedOops                        = true                           {product lp64_product} {ergonomic}
     bool UseG1GC                                  = true                                      {product} {ergonomic}
     bool UseLargePagesIndividualAllocation        = false                                  {pd product} {ergonomic}

Logging:
Log output configuration:
 #0: stdout all=warning uptime,level,tags
 #1: stderr all=off uptime,level,tags

Environment Variables:
PATH=C:\Program Files\Common Files\Oracle\Java\javapath;C:\Program Files\Python311\Scripts\;C:\Program Files\Python311\;C:\oraclexe\app\oracle\product\11.2.0\server\bin;;C:\Program Files (x86)\Common Files\Oracle\Java\javapath;C:\Windows\system32;C:\Windows;C:\Windows\System32\Wbem;C:\Windows\System32\WindowsPowerShell\v1.0\;C:\Windows\System32\OpenSSH\;C:\Program Files (x86)\NVIDIA Corporation\PhysX\Common;C:\Program Files\NVIDIA Corporation\NVIDIA NvDLISR;C:\WINDOWS\system32;C:\WINDOWS;C:\WINDOWS\System32\Wbem;C:\WINDOWS\System32\WindowsPowerShell\v1.0\;C:\WINDOWS\System32\OpenSSH\;C:\MinGW\bin;C:\Program Files\Git\cmd;C:\Program Files\nodejs\;C:\metasploit-framework\bin\;C:\Program Files\MySQL\MySQL Shell 8.0\bin\;C:\Users\suraj\AppData\Local\Microsoft\WindowsApps;C:\Users\suraj\AppData\Local\Programs\Microsoft VS Code\bin;C:\Program Files\JetBrains\IntelliJ IDEA Community Edition 2022.2.3\bin;;C:\Users\suraj\AppData\Roaming\npm;C:\Program Files\MongoDB\Server\6.0\bin;D:\SOFTWARAER\mongoDB\mongosh-1.6.2-win32-x64\mongosh-1.6.2-win32-x64\bin;
USERNAME=suraj
OS=Windows_NT
PROCESSOR_IDENTIFIER=Intel64 Family 6 Model 154 Stepping 3, GenuineIntel



---------------  S Y S T E M  ---------------

OS:
 Windows 11 , 64 bit Build 22621 (10.0.22621.1778)
OS uptime: 1 days 12:31 hours
Hyper-V role detected

CPU: total 16 (initial active 16) (8 cores per cpu, 2 threads per core) family 6 model 154 stepping 3 microcode 0x419, cx8, cmov, fxsr, ht, mmx, 3dnowpref, sse, sse2, sse3, ssse3, sse4.1, sse4.2, popcnt, lzcnt, tsc, tscinvbit, avx, avx2, aes, erms, clmul, bmi1, bmi2, adx, sha, fma, vzeroupper, clflush, clflushopt, clwb, hv

Memory: 4k page, system-wide physical 7896M (528M free)
TotalPageFile size 32461M (AvailPageFile size 113M)
current process WorkingSet (physical memory assigned to process): 11M, peak: 11M
current process commit charge ("private bytes"): 70M, peak: 194M

vm_info: Java HotSpot(TM) 64-Bit Server VM (17.0.7+8-LTS-224) for windows-amd64 JRE (17.0.7+8-LTS-224), built on Feb 28 2023 23:03:02 by "mach5one" with MS VC++ 17.1 (VS2022)

END.
