#
# There is insufficient memory for the Java Runtime Environment to continue.
# Native memory allocation (malloc) failed to allocate 32744 bytes for ChunkPool::allocate
# Possible reasons:
#   The system is out of physical RAM or swap space
#   The process is running with CompressedOops enabled, and the Java Heap may be blocking the growth of the native heap
# Possible solutions:
#   Reduce memory load on the system
#   Increase physical memory or swap space
#   Check if swap backing store is full
#   Decrease Java heap size (-Xmx/-Xms)
#   Decrease number of Java threads
#   Decrease Java thread stack sizes (-Xss)
#   Set larger code cache with -XX:ReservedCodeCacheSize=
#   JVM is running with Unscaled Compressed Oops mode in which the Java heap is
#     placed in the first 4GB address space. The Java Heap base address is the
#     maximum limit for the native heap growth. Please use -XX:HeapBaseMinAddress
#     to set the Java Heap base and to place the Java Heap above 4GB virtual address.
# This output file may be truncated or incomplete.
#
#  Out of Memory Error (arena.cpp:78), pid=16740, tid=24208
#
# JRE version: Java(TM) SE Runtime Environment (17.0.7+8) (build 17.0.7+8-LTS-224)
# Java VM: Java HotSpot(TM) 64-Bit Server VM (17.0.7+8-LTS-224, mixed mode, sharing, tiered, compressed oops, compressed class ptrs, g1 gc, windows-amd64)
# No core dump will be written. Minidumps are not enabled by default on client versions of Windows
#

---------------  S U M M A R Y ------------

Command Line: -Dfile.encoding=UTF-8 -XX:+ShowCodeDetailsInExceptionMessages JDBC.mains

Host: 12th Gen Intel(R) Core(TM) i5-1240P, 16 cores, 7G,  Windows 11 , 64 bit Build 22621 (10.0.22621.1778)
Time: Fri Jun  2 16:56:03 2023 India Standard Time elapsed time: 0.061551 seconds (0d 0h 0m 0s)

---------------  T H R E A D  ---------------

Current thread (0x00000246bba1c710):  JavaThread "C1 CompilerThread1" daemon [_thread_in_native, id=24208, stack(0x000000f0a5900000,0x000000f0a5a00000)]


Current CompileTask:
C1:     61   43       3       java.util.concurrent.ConcurrentHashMap::addCount (280 bytes)

Stack: [0x000000f0a5900000,0x000000f0a5a00000]
Native frames: (J=compiled Java code, j=interpreted, Vv=VM code, C=native code)
V  [jvm.dll+0x676a4a]
V  [jvm.dll+0x7d74f4]
V  [jvm.dll+0x7d8c9e]
V  [jvm.dll+0x7d9303]
V  [jvm.dll+0x2452c5]
V  [jvm.dll+0xaac80]
V  [jvm.dll+0xaafcc]
V  [jvm.dll+0x11bb25]
V  [jvm.dll+0x178ced]
V  [jvm.dll+0x1798d3]
V  [jvm.dll+0x1348a3]
V  [jvm.dll+0x1341af]
V  [jvm.dll+0x1343e8]
V  [jvm.dll+0x133881]
V  [jvm.dll+0x13552d]
V  [jvm.dll+0x226a6e]
V  [jvm.dll+0x224e15]
V  [jvm.dll+0x78d05c]
V  [jvm.dll+0x78759a]
V  [jvm.dll+0x675875]
C  [ucrtbase.dll+0x29363]
C  [KERNEL32.DLL+0x126ad]
C  [ntdll.dll+0x5a9f8]


---------------  P R O C E S S  ---------------

Threads class SMR info:
_java_thread_list=0x00000246bc48aca0, length=12, elements={
0x000002469cfea960, 0x00000246bb9da530, 0x00000246bb9dcb00, 0x00000246bb9efa00,
0x00000246bb9efed0, 0x00000246bb9f0490, 0x00000246bb9f5570, 0x00000246bb9fde70,
0x00000246bba1e060, 0x00000246bc420040, 0x00000246bba1c710, 0x00000246bc50b5d0
}

Java Threads: ( => current thread )
  0x000002469cfea960 JavaThread "main" [_thread_in_vm, id=22700, stack(0x000000f0a4900000,0x000000f0a4a00000)]
  0x00000246bb9da530 JavaThread "Reference Handler" daemon [_thread_blocked, id=15300, stack(0x000000f0a5000000,0x000000f0a5100000)]
  0x00000246bb9dcb00 JavaThread "Finalizer" daemon [_thread_blocked, id=8720, stack(0x000000f0a5100000,0x000000f0a5200000)]
  0x00000246bb9efa00 JavaThread "Signal Dispatcher" daemon [_thread_blocked, id=21852, stack(0x000000f0a5200000,0x000000f0a5300000)]
  0x00000246bb9efed0 JavaThread "Attach Listener" daemon [_thread_blocked, id=19524, stack(0x000000f0a5300000,0x000000f0a5400000)]
  0x00000246bb9f0490 JavaThread "Service Thread" daemon [_thread_blocked, id=28048, stack(0x000000f0a5400000,0x000000f0a5500000)]
  0x00000246bb9f5570 JavaThread "Monitor Deflation Thread" daemon [_thread_blocked, id=5796, stack(0x000000f0a5500000,0x000000f0a5600000)]
  0x00000246bb9fde70 JavaThread "C2 CompilerThread0" daemon [_thread_blocked, id=15996, stack(0x000000f0a5600000,0x000000f0a5700000)]
  0x00000246bba1e060 JavaThread "C1 CompilerThread0" daemon [_thread_blocked, id=13128, stack(0x000000f0a5700000,0x000000f0a5800000)]
  0x00000246bc420040 JavaThread "Sweeper thread" daemon [_thread_blocked, id=10496, stack(0x000000f0a5800000,0x000000f0a5900000)]
=>0x00000246bba1c710 JavaThread "C1 CompilerThread1" daemon [_thread_in_native, id=24208, stack(0x000000f0a5900000,0x000000f0a5a00000)]
  0x00000246bc50b5d0 JavaThread "Notification Thread" daemon [_thread_blocked, id=24928, stack(0x000000f0a5a00000,0x000000f0a5b00000)]

Other Threads:
  0x00000246bb9d4a90 VMThread "VM Thread" [stack: 0x000000f0a4f00000,0x000000f0a5000000] [id=16580]
  0x000002469d060670 WatcherThread [stack: 0x000000f0a5b00000,0x000000f0a5c00000] [id=24876]
  0x000002469d0445f0 GCTaskThread "GC Thread#0" [stack: 0x000000f0a4a00000,0x000000f0a4b00000] [id=27948]
  0x000002469d055530 ConcurrentGCThread "G1 Main Marker" [stack: 0x000000f0a4b00000,0x000000f0a4c00000] [id=15936]
  0x000002469d055f40 ConcurrentGCThread "G1 Conc#0" [stack: 0x000000f0a4c00000,0x000000f0a4d00000] [id=27492]
  0x000002469d0be030 ConcurrentGCThread "G1 Refine#0" [stack: 0x000000f0a4d00000,0x000000f0a4e00000] [id=15864]
  0x000002469d0be8f0 ConcurrentGCThread "G1 Service" [stack: 0x000000f0a4e00000,0x000000f0a4f00000] [id=16636]

Threads with active compile tasks:
C1 CompilerThread1       81   43       3       java.util.concurrent.ConcurrentHashMap::addCount (280 bytes)

VM state: not at safepoint (normal execution)

VM Mutex/Monitor currently owned by a thread: None

Heap address: 0x0000000084800000, size: 1976 MB, Compressed Oops mode: 32-bit

CDS archive(s) mapped at: [0x0000000800000000-0x0000000800bd0000-0x0000000800bd0000), size 12386304, SharedBaseAddress: 0x0000000800000000, ArchiveRelocationMode: 0.
Compressed class space mapped at: 0x0000000800c00000-0x0000000840c00000, reserved size: 1073741824
Narrow klass base: 0x0000000800000000, Narrow klass shift: 0, Narrow klass range: 0x100000000

GC Precious Log:
 CPUs: 16 total, 16 available
 Memory: 7896M
 Large Page Support: Disabled
 NUMA Support: Disabled
 Compressed Oops: Enabled (32-bit)
 Heap Region Size: 1M
 Heap Min Capacity: 8M
 Heap Initial Capacity: 124M
 Heap Max Capacity: 1976M
 Pre-touch: Disabled
 Parallel Workers: 13
 Concurrent Workers: 3
 Concurrent Refinement Workers: 13
 Periodic GC: Disabled

Heap:
 garbage-first heap   total 126976K, used 1024K [0x0000000084800000, 0x0000000100000000)
  region size 1024K, 2 young (2048K), 0 survivors (0K)
 Metaspace       used 133K, committed 256K, reserved 1056768K
  class space    used 3K, committed 64K, reserved 1048576K

Heap Regions: E=young(eden), S=young(survivor), O=old, HS=humongous(starts), HC=humongous(continues), CS=collection set, F=free, OA=open archive, CA=closed archive, TAMS=top-at-mark-start (previous, next)
|   0|0x0000000084800000, 0x0000000084800000, 0x0000000084900000|  0%| F|  |TAMS 0x0000000084800000, 0x0000000084800000| Untracked 
|   1|0x0000000084900000, 0x0000000084900000, 0x0000000084a00000|  0%| F|  |TAMS 0x0000000084900000, 0x0000000084900000| Untracked 
|   2|0x0000000084a00000, 0x0000000084a00000, 0x0000000084b00000|  0%| F|  |TAMS 0x0000000084a00000, 0x0000000084a00000| Untracked 
|   3|0x0000000084b00000, 0x0000000084b00000, 0x0000000084c00000|  0%| F|  |TAMS 0x0000000084b00000, 0x0000000084b00000| Untracked 
|   4|0x0000000084c00000, 0x0000000084c00000, 0x0000000084d00000|  0%| F|  |TAMS 0x0000000084c00000, 0x0000000084c00000| Untracked 
|   5|0x0000000084d00000, 0x0000000084d00000, 0x0000000084e00000|  0%| F|  |TAMS 0x0000000084d00000, 0x0000000084d00000| Untracked 
|   6|0x0000000084e00000, 0x0000000084e00000, 0x0000000084f00000|  0%| F|  |TAMS 0x0000000084e00000, 0x0000000084e00000| Untracked 
|   7|0x0000000084f00000, 0x0000000084f00000, 0x0000000085000000|  0%| F|  |TAMS 0x0000000084f00000, 0x0000000084f00000| Untracked 
|   8|0x0000000085000000, 0x0000000085000000, 0x0000000085100000|  0%| F|  |TAMS 0x0000000085000000, 0x0000000085000000| Untracked 
|   9|0x0000000085100000, 0x0000000085100000, 0x0000000085200000|  0%| F|  |TAMS 0x0000000085100000, 0x0000000085100000| Untracked 
|  10|0x0000000085200000, 0x0000000085200000, 0x0000000085300000|  0%| F|  |TAMS 0x0000000085200000, 0x0000000085200000| Untracked 
|  11|0x0000000085300000, 0x0000000085300000, 0x0000000085400000|  0%| F|  |TAMS 0x0000000085300000, 0x0000000085300000| Untracked 
|  12|0x0000000085400000, 0x0000000085400000, 0x0000000085500000|  0%| F|  |TAMS 0x0000000085400000, 0x0000000085400000| Untracked 
|  13|0x0000000085500000, 0x0000000085500000, 0x0000000085600000|  0%| F|  |TAMS 0x0000000085500000, 0x0000000085500000| Untracked 
|  14|0x0000000085600000, 0x0000000085600000, 0x0000000085700000|  0%| F|  |TAMS 0x0000000085600000, 0x0000000085600000| Untracked 
|  15|0x0000000085700000, 0x0000000085700000, 0x0000000085800000|  0%| F|  |TAMS 0x0000000085700000, 0x0000000085700000| Untracked 
|  16|0x0000000085800000, 0x0000000085800000, 0x0000000085900000|  0%| F|  |TAMS 0x0000000085800000, 0x0000000085800000| Untracked 
|  17|0x0000000085900000, 0x0000000085900000, 0x0000000085a00000|  0%| F|  |TAMS 0x0000000085900000, 0x0000000085900000| Untracked 
|  18|0x0000000085a00000, 0x0000000085a00000, 0x0000000085b00000|  0%| F|  |TAMS 0x0000000085a00000, 0x0000000085a00000| Untracked 
|  19|0x0000000085b00000, 0x0000000085b00000, 0x0000000085c00000|  0%| F|  |TAMS 0x0000000085b00000, 0x0000000085b00000| Untracked 
|  20|0x0000000085c00000, 0x0000000085c00000, 0x0000000085d00000|  0%| F|  |TAMS 0x0000000085c00000, 0x0000000085c00000| Untracked 
|  21|0x0000000085d00000, 0x0000000085d00000, 0x0000000085e00000|  0%| F|  |TAMS 0x0000000085d00000, 0x0000000085d00000| Untracked 
|  22|0x0000000085e00000, 0x0000000085e00000, 0x0000000085f00000|  0%| F|  |TAMS 0x0000000085e00000, 0x0000000085e00000| Untracked 
|  23|0x0000000085f00000, 0x0000000085f00000, 0x0000000086000000|  0%| F|  |TAMS 0x0000000085f00000, 0x0000000085f00000| Untracked 
|  24|0x0000000086000000, 0x0000000086000000, 0x0000000086100000|  0%| F|  |TAMS 0x0000000086000000, 0x0000000086000000| Untracked 
|  25|0x0000000086100000, 0x0000000086100000, 0x0000000086200000|  0%| F|  |TAMS 0x0000000086100000, 0x0000000086100000| Untracked 
|  26|0x0000000086200000, 0x0000000086200000, 0x0000000086300000|  0%| F|  |TAMS 0x0000000086200000, 0x0000000086200000| Untracked 
|  27|0x0000000086300000, 0x0000000086300000, 0x0000000086400000|  0%| F|  |TAMS 0x0000000086300000, 0x0000000086300000| Untracked 
|  28|0x0000000086400000, 0x0000000086400000, 0x0000000086500000|  0%| F|  |TAMS 0x0000000086400000, 0x0000000086400000| Untracked 
|  29|0x0000000086500000, 0x0000000086500000, 0x0000000086600000|  0%| F|  |TAMS 0x0000000086500000, 0x0000000086500000| Untracked 
|  30|0x0000000086600000, 0x0000000086600000, 0x0000000086700000|  0%| F|  |TAMS 0x0000000086600000, 0x0000000086600000| Untracked 
|  31|0x0000000086700000, 0x0000000086700000, 0x0000000086800000|  0%| F|  |TAMS 0x0000000086700000, 0x0000000086700000| Untracked 
|  32|0x0000000086800000, 0x0000000086800000, 0x0000000086900000|  0%| F|  |TAMS 0x0000000086800000, 0x0000000086800000| Untracked 
|  33|0x0000000086900000, 0x0000000086900000, 0x0000000086a00000|  0%| F|  |TAMS 0x0000000086900000, 0x0000000086900000| Untracked 
|  34|0x0000000086a00000, 0x0000000086a00000, 0x0000000086b00000|  0%| F|  |TAMS 0x0000000086a00000, 0x0000000086a00000| Untracked 
|  35|0x0000000086b00000, 0x0000000086b00000, 0x0000000086c00000|  0%| F|  |TAMS 0x0000000086b00000, 0x0000000086b00000| Untracked 
|  36|0x0000000086c00000, 0x0000000086c00000, 0x0000000086d00000|  0%| F|  |TAMS 0x0000000086c00000, 0x0000000086c00000| Untracked 
|  37|0x0000000086d00000, 0x0000000086d00000, 0x0000000086e00000|  0%| F|  |TAMS 0x0000000086d00000, 0x0000000086d00000| Untracked 
|  38|0x0000000086e00000, 0x0000000086e00000, 0x0000000086f00000|  0%| F|  |TAMS 0x0000000086e00000, 0x0000000086e00000| Untracked 
|  39|0x0000000086f00000, 0x0000000086f00000, 0x0000000087000000|  0%| F|  |TAMS 0x0000000086f00000, 0x0000000086f00000| Untracked 
|  40|0x0000000087000000, 0x0000000087000000, 0x0000000087100000|  0%| F|  |TAMS 0x0000000087000000, 0x0000000087000000| Untracked 
|  41|0x0000000087100000, 0x0000000087100000, 0x0000000087200000|  0%| F|  |TAMS 0x0000000087100000, 0x0000000087100000| Untracked 
|  42|0x0000000087200000, 0x0000000087200000, 0x0000000087300000|  0%| F|  |TAMS 0x0000000087200000, 0x0000000087200000| Untracked 
|  43|0x0000000087300000, 0x0000000087300000, 0x0000000087400000|  0%| F|  |TAMS 0x0000000087300000, 0x0000000087300000| Untracked 
|  44|0x0000000087400000, 0x0000000087400000, 0x0000000087500000|  0%| F|  |TAMS 0x0000000087400000, 0x0000000087400000| Untracked 
|  45|0x0000000087500000, 0x0000000087500000, 0x0000000087600000|  0%| F|  |TAMS 0x0000000087500000, 0x0000000087500000| Untracked 
|  46|0x0000000087600000, 0x0000000087600000, 0x0000000087700000|  0%| F|  |TAMS 0x0000000087600000, 0x0000000087600000| Untracked 
|  47|0x0000000087700000, 0x0000000087700000, 0x0000000087800000|  0%| F|  |TAMS 0x0000000087700000, 0x0000000087700000| Untracked 
|  48|0x0000000087800000, 0x0000000087800000, 0x0000000087900000|  0%| F|  |TAMS 0x0000000087800000, 0x0000000087800000| Untracked 
|  49|0x0000000087900000, 0x0000000087900000, 0x0000000087a00000|  0%| F|  |TAMS 0x0000000087900000, 0x0000000087900000| Untracked 
|  50|0x0000000087a00000, 0x0000000087a00000, 0x0000000087b00000|  0%| F|  |TAMS 0x0000000087a00000, 0x0000000087a00000| Untracked 
|  51|0x0000000087b00000, 0x0000000087b00000, 0x0000000087c00000|  0%| F|  |TAMS 0x0000000087b00000, 0x0000000087b00000| Untracked 
|  52|0x0000000087c00000, 0x0000000087c00000, 0x0000000087d00000|  0%| F|  |TAMS 0x0000000087c00000, 0x0000000087c00000| Untracked 
|  53|0x0000000087d00000, 0x0000000087d00000, 0x0000000087e00000|  0%| F|  |TAMS 0x0000000087d00000, 0x0000000087d00000| Untracked 
|  54|0x0000000087e00000, 0x0000000087e00000, 0x0000000087f00000|  0%| F|  |TAMS 0x0000000087e00000, 0x0000000087e00000| Untracked 
|  55|0x0000000087f00000, 0x0000000087f00000, 0x0000000088000000|  0%| F|  |TAMS 0x0000000087f00000, 0x0000000087f00000| Untracked 
|  56|0x0000000088000000, 0x0000000088000000, 0x0000000088100000|  0%| F|  |TAMS 0x0000000088000000, 0x0000000088000000| Untracked 
|  57|0x0000000088100000, 0x0000000088100000, 0x0000000088200000|  0%| F|  |TAMS 0x0000000088100000, 0x0000000088100000| Untracked 
|  58|0x0000000088200000, 0x0000000088200000, 0x0000000088300000|  0%| F|  |TAMS 0x0000000088200000, 0x0000000088200000| Untracked 
|  59|0x0000000088300000, 0x0000000088300000, 0x0000000088400000|  0%| F|  |TAMS 0x0000000088300000, 0x0000000088300000| Untracked 
|  60|0x0000000088400000, 0x0000000088400000, 0x0000000088500000|  0%| F|  |TAMS 0x0000000088400000, 0x0000000088400000| Untracked 
|  61|0x0000000088500000, 0x0000000088500000, 0x0000000088600000|  0%| F|  |TAMS 0x0000000088500000, 0x0000000088500000| Untracked 
|  62|0x0000000088600000, 0x0000000088600000, 0x0000000088700000|  0%| F|  |TAMS 0x0000000088600000, 0x0000000088600000| Untracked 
|  63|0x0000000088700000, 0x0000000088700000, 0x0000000088800000|  0%| F|  |TAMS 0x0000000088700000, 0x0000000088700000| Untracked 
|  64|0x0000000088800000, 0x0000000088800000, 0x0000000088900000|  0%| F|  |TAMS 0x0000000088800000, 0x0000000088800000| Untracked 
|  65|0x0000000088900000, 0x0000000088900000, 0x0000000088a00000|  0%| F|  |TAMS 0x0000000088900000, 0x0000000088900000| Untracked 
|  66|0x0000000088a00000, 0x0000000088a00000, 0x0000000088b00000|  0%| F|  |TAMS 0x0000000088a00000, 0x0000000088a00000| Untracked 
|  67|0x0000000088b00000, 0x0000000088b00000, 0x0000000088c00000|  0%| F|  |TAMS 0x0000000088b00000, 0x0000000088b00000| Untracked 
|  68|0x0000000088c00000, 0x0000000088c00000, 0x0000000088d00000|  0%| F|  |TAMS 0x0000000088c00000, 0x0000000088c00000| Untracked 
|  69|0x0000000088d00000, 0x0000000088d00000, 0x0000000088e00000|  0%| F|  |TAMS 0x0000000088d00000, 0x0000000088d00000| Untracked 
|  70|0x0000000088e00000, 0x0000000088e00000, 0x0000000088f00000|  0%| F|  |TAMS 0x0000000088e00000, 0x0000000088e00000| Untracked 
|  71|0x0000000088f00000, 0x0000000088f00000, 0x0000000089000000|  0%| F|  |TAMS 0x0000000088f00000, 0x0000000088f00000| Untracked 
|  72|0x0000000089000000, 0x0000000089000000, 0x0000000089100000|  0%| F|  |TAMS 0x0000000089000000, 0x0000000089000000| Untracked 
|  73|0x0000000089100000, 0x0000000089100000, 0x0000000089200000|  0%| F|  |TAMS 0x0000000089100000, 0x0000000089100000| Untracked 
|  74|0x0000000089200000, 0x0000000089200000, 0x0000000089300000|  0%| F|  |TAMS 0x0000000089200000, 0x0000000089200000| Untracked 
|  75|0x0000000089300000, 0x0000000089300000, 0x0000000089400000|  0%| F|  |TAMS 0x0000000089300000, 0x0000000089300000| Untracked 
|  76|0x0000000089400000, 0x0000000089400000, 0x0000000089500000|  0%| F|  |TAMS 0x0000000089400000, 0x0000000089400000| Untracked 
|  77|0x0000000089500000, 0x0000000089500000, 0x0000000089600000|  0%| F|  |TAMS 0x0000000089500000, 0x0000000089500000| Untracked 
|  78|0x0000000089600000, 0x0000000089600000, 0x0000000089700000|  0%| F|  |TAMS 0x0000000089600000, 0x0000000089600000| Untracked 
|  79|0x0000000089700000, 0x0000000089700000, 0x0000000089800000|  0%| F|  |TAMS 0x0000000089700000, 0x0000000089700000| Untracked 
|  80|0x0000000089800000, 0x0000000089800000, 0x0000000089900000|  0%| F|  |TAMS 0x0000000089800000, 0x0000000089800000| Untracked 
|  81|0x0000000089900000, 0x0000000089900000, 0x0000000089a00000|  0%| F|  |TAMS 0x0000000089900000, 0x0000000089900000| Untracked 
|  82|0x0000000089a00000, 0x0000000089a00000, 0x0000000089b00000|  0%| F|  |TAMS 0x0000000089a00000, 0x0000000089a00000| Untracked 
|  83|0x0000000089b00000, 0x0000000089b00000, 0x0000000089c00000|  0%| F|  |TAMS 0x0000000089b00000, 0x0000000089b00000| Untracked 
|  84|0x0000000089c00000, 0x0000000089c00000, 0x0000000089d00000|  0%| F|  |TAMS 0x0000000089c00000, 0x0000000089c00000| Untracked 
|  85|0x0000000089d00000, 0x0000000089d00000, 0x0000000089e00000|  0%| F|  |TAMS 0x0000000089d00000, 0x0000000089d00000| Untracked 
|  86|0x0000000089e00000, 0x0000000089e00000, 0x0000000089f00000|  0%| F|  |TAMS 0x0000000089e00000, 0x0000000089e00000| Untracked 
|  87|0x0000000089f00000, 0x0000000089f00000, 0x000000008a000000|  0%| F|  |TAMS 0x0000000089f00000, 0x0000000089f00000| Untracked 
|  88|0x000000008a000000, 0x000000008a000000, 0x000000008a100000|  0%| F|  |TAMS 0x000000008a000000, 0x000000008a000000| Untracked 
|  89|0x000000008a100000, 0x000000008a100000, 0x000000008a200000|  0%| F|  |TAMS 0x000000008a100000, 0x000000008a100000| Untracked 
|  90|0x000000008a200000, 0x000000008a200000, 0x000000008a300000|  0%| F|  |TAMS 0x000000008a200000, 0x000000008a200000| Untracked 
|  91|0x000000008a300000, 0x000000008a300000, 0x000000008a400000|  0%| F|  |TAMS 0x000000008a300000, 0x000000008a300000| Untracked 
|  92|0x000000008a400000, 0x000000008a400000, 0x000000008a500000|  0%| F|  |TAMS 0x000000008a400000, 0x000000008a400000| Untracked 
|  93|0x000000008a500000, 0x000000008a500000, 0x000000008a600000|  0%| F|  |TAMS 0x000000008a500000, 0x000000008a500000| Untracked 
|  94|0x000000008a600000, 0x000000008a600000, 0x000000008a700000|  0%| F|  |TAMS 0x000000008a600000, 0x000000008a600000| Untracked 
|  95|0x000000008a700000, 0x000000008a700000, 0x000000008a800000|  0%| F|  |TAMS 0x000000008a700000, 0x000000008a700000| Untracked 
|  96|0x000000008a800000, 0x000000008a800000, 0x000000008a900000|  0%| F|  |TAMS 0x000000008a800000, 0x000000008a800000| Untracked 
|  97|0x000000008a900000, 0x000000008a900000, 0x000000008aa00000|  0%| F|  |TAMS 0x000000008a900000, 0x000000008a900000| Untracked 
|  98|0x000000008aa00000, 0x000000008aa00000, 0x000000008ab00000|  0%| F|  |TAMS 0x000000008aa00000, 0x000000008aa00000| Untracked 
|  99|0x000000008ab00000, 0x000000008ab00000, 0x000000008ac00000|  0%| F|  |TAMS 0x000000008ab00000, 0x000000008ab00000| Untracked 
| 100|0x000000008ac00000, 0x000000008ac00000, 0x000000008ad00000|  0%| F|  |TAMS 0x000000008ac00000, 0x000000008ac00000| Untracked 
| 101|0x000000008ad00000, 0x000000008ad00000, 0x000000008ae00000|  0%| F|  |TAMS 0x000000008ad00000, 0x000000008ad00000| Untracked 
| 102|0x000000008ae00000, 0x000000008ae00000, 0x000000008af00000|  0%| F|  |TAMS 0x000000008ae00000, 0x000000008ae00000| Untracked 
| 103|0x000000008af00000, 0x000000008af00000, 0x000000008b000000|  0%| F|  |TAMS 0x000000008af00000, 0x000000008af00000| Untracked 
| 104|0x000000008b000000, 0x000000008b000000, 0x000000008b100000|  0%| F|  |TAMS 0x000000008b000000, 0x000000008b000000| Untracked 
| 105|0x000000008b100000, 0x000000008b100000, 0x000000008b200000|  0%| F|  |TAMS 0x000000008b100000, 0x000000008b100000| Untracked 
| 106|0x000000008b200000, 0x000000008b200000, 0x000000008b300000|  0%| F|  |TAMS 0x000000008b200000, 0x000000008b200000| Untracked 
| 107|0x000000008b300000, 0x000000008b300000, 0x000000008b400000|  0%| F|  |TAMS 0x000000008b300000, 0x000000008b300000| Untracked 
| 108|0x000000008b400000, 0x000000008b400000, 0x000000008b500000|  0%| F|  |TAMS 0x000000008b400000, 0x000000008b400000| Untracked 
| 109|0x000000008b500000, 0x000000008b500000, 0x000000008b600000|  0%| F|  |TAMS 0x000000008b500000, 0x000000008b500000| Untracked 
| 110|0x000000008b600000, 0x000000008b600000, 0x000000008b700000|  0%| F|  |TAMS 0x000000008b600000, 0x000000008b600000| Untracked 
| 111|0x000000008b700000, 0x000000008b700000, 0x000000008b800000|  0%| F|  |TAMS 0x000000008b700000, 0x000000008b700000| Untracked 
| 112|0x000000008b800000, 0x000000008b800000, 0x000000008b900000|  0%| F|  |TAMS 0x000000008b800000, 0x000000008b800000| Untracked 
| 113|0x000000008b900000, 0x000000008b900000, 0x000000008ba00000|  0%| F|  |TAMS 0x000000008b900000, 0x000000008b900000| Untracked 
| 114|0x000000008ba00000, 0x000000008ba00000, 0x000000008bb00000|  0%| F|  |TAMS 0x000000008ba00000, 0x000000008ba00000| Untracked 
| 115|0x000000008bb00000, 0x000000008bb00000, 0x000000008bc00000|  0%| F|  |TAMS 0x000000008bb00000, 0x000000008bb00000| Untracked 
| 116|0x000000008bc00000, 0x000000008bc00000, 0x000000008bd00000|  0%| F|  |TAMS 0x000000008bc00000, 0x000000008bc00000| Untracked 
| 117|0x000000008bd00000, 0x000000008bd00000, 0x000000008be00000|  0%| F|  |TAMS 0x000000008bd00000, 0x000000008bd00000| Untracked 
| 118|0x000000008be00000, 0x000000008be00000, 0x000000008bf00000|  0%| F|  |TAMS 0x000000008be00000, 0x000000008be00000| Untracked 
| 119|0x000000008bf00000, 0x000000008bf00000, 0x000000008c000000|  0%| F|  |TAMS 0x000000008bf00000, 0x000000008bf00000| Untracked 
| 120|0x000000008c000000, 0x000000008c000000, 0x000000008c100000|  0%| F|  |TAMS 0x000000008c000000, 0x000000008c000000| Untracked 
| 121|0x000000008c100000, 0x000000008c100000, 0x000000008c200000|  0%| F|  |TAMS 0x000000008c100000, 0x000000008c100000| Untracked 
| 122|0x000000008c200000, 0x000000008c276440, 0x000000008c300000| 46%| E|  |TAMS 0x000000008c200000, 0x000000008c200000| Complete 
| 123|0x000000008c300000, 0x000000008c400000, 0x000000008c400000|100%| E|CS|TAMS 0x000000008c300000, 0x000000008c300000| Complete 

Card table byte_map: [0x00000246b44f0000,0x00000246b48d0000] _byte_map_base: 0x00000246b40cc000

Marking Bits (Prev, Next): (CMBitMap*) 0x000002469d044c00, (CMBitMap*) 0x000002469d044c40
 Prev Bits: [0x00000246b4cb0000, 0x00000246b6b90000)
 Next Bits: [0x00000246b6b90000, 0x00000246b8a70000)

Polling page: 0x000002469aff0000

Metaspace:

Usage:
  Non-class:    137.60 KB used.
      Class:      4.24 KB used.
       Both:    141.84 KB used.

Virtual space:
  Non-class space:        8.00 MB reserved,     256.00 KB (  3%) committed,  1 nodes.
      Class space:        1.00 GB reserved,     128.00 KB ( <1%) committed,  1 nodes.
             Both:        1.01 GB reserved,     384.00 KB ( <1%) committed. 

Chunk freelists:
   Non-Class:  4.00 MB
       Class:  3.75 MB
        Both:  7.74 MB

MaxMetaspaceSize: unlimited
CompressedClassSpaceSize: 1.00 GB
Initial GC threshold: 21.00 MB
Current GC threshold: 21.00 MB
CDS: on
MetaspaceReclaimPolicy: balanced
 - commit_granule_bytes: 65536.
 - commit_granule_words: 8192.
 - virtual_space_node_default_size: 1048576.
 - enlarge_chunks_in_place: 1.
 - new_chunks_are_fully_committed: 0.
 - uncommit_free_chunks: 1.
 - use_allocation_guard: 0.
 - handle_deallocations: 1.


Internal statistics:

num_allocs_failed_limit: 0.
num_arena_births: 4.
num_arena_deaths: 0.
num_vsnodes_births: 2.
num_vsnodes_deaths: 0.
num_space_committed: 6.
num_space_uncommitted: 0.
num_chunks_returned_to_freelist: 0.
num_chunks_taken_from_freelist: 5.
num_chunk_merges: 0.
num_chunk_splits: 2.
num_chunks_enlarged: 0.
num_purges: 0.
num_inconsistent_stats: 0.

CodeHeap 'non-profiled nmethods': size=119168Kb used=14Kb max_used=14Kb free=119153Kb
 bounds [0x00000246ac410000, 0x00000246ac680000, 0x00000246b3870000]
CodeHeap 'profiled nmethods': size=119104Kb used=96Kb max_used=96Kb free=119007Kb
 bounds [0x00000246a4870000, 0x00000246a4ae0000, 0x00000246abcc0000]
CodeHeap 'non-nmethods': size=7488Kb used=1597Kb max_used=1597Kb free=5890Kb
 bounds [0x00000246abcc0000, 0x00000246abf30000, 0x00000246ac410000]
 total_blobs=364 nmethods=75 adapters=201
 compilation: enabled
              stopped_count=0, restarted_count=0
 full_count=0

Compilation events (20 events):
Event: 0.056 Thread 0x00000246bba1e060 nmethod 27 0x00000246a4878290 code [0x00000246a4878420, 0x00000246a4878598]
Event: 0.056 Thread 0x00000246bba1e060   29       3       java.util.concurrent.ConcurrentHashMap::spread (10 bytes)
Event: 0.056 Thread 0x00000246bba1e060 nmethod 29 0x00000246a4878610 code [0x00000246a48787a0, 0x00000246a4878898]
Event: 0.056 Thread 0x00000246bba1e060   35       3       java.util.ImmutableCollections$MapN::probe (60 bytes)
Event: 0.056 Thread 0x00000246bb9fde70 nmethod 33 0x00000246ac410e90 code [0x00000246ac411000, 0x00000246ac411078]
Event: 0.056 Thread 0x00000246bba1e060 nmethod 35 0x00000246a4878910 code [0x00000246a4878b00, 0x00000246a4879058]
Event: 0.056 Thread 0x00000246bba1e060   31       1       java.util.KeyValueHolder::getKey (5 bytes)
Event: 0.056 Thread 0x00000246bba1e060 nmethod 31 0x00000246ac411590 code [0x00000246ac411720, 0x00000246ac4117f8]
Event: 0.056 Thread 0x00000246bba1e060   32       1       java.util.KeyValueHolder::getValue (5 bytes)
Event: 0.056 Thread 0x00000246bba1e060 nmethod 32 0x00000246ac411890 code [0x00000246ac411a20, 0x00000246ac411af8]
Event: 0.056 Thread 0x00000246bba1e060   36       3       java.util.ImmutableCollections$MapN::get (35 bytes)
Event: 0.057 Thread 0x00000246bba1e060 nmethod 36 0x00000246a4879290 code [0x00000246a4879460, 0x00000246a4879818]
Event: 0.057 Thread 0x00000246bba1e060   34       3       java.util.KeyValueHolder::<init> (21 bytes)
Event: 0.057 Thread 0x00000246bba1e060 nmethod 34 0x00000246a4879990 code [0x00000246a4879b80, 0x00000246a487a078]
Event: 0.057 Thread 0x00000246bba1e060   41   !   3       java.util.concurrent.ConcurrentHashMap::putVal (432 bytes)
Event: 0.057 Thread 0x00000246bba1c710   37       3       java.util.ImmutableCollections$SetN$SetNIterator::hasNext (13 bytes)
Event: 0.058 Thread 0x00000246bba1c710 nmethod 37 0x00000246a487a210 code [0x00000246a487a3a0, 0x00000246a487a518]
Event: 0.058 Thread 0x00000246bba1c710   42       3       java.util.concurrent.ConcurrentHashMap$Node::<init> (20 bytes)
Event: 0.058 Thread 0x00000246bba1c710 nmethod 42 0x00000246a487a590 code [0x00000246a487a740, 0x00000246a487a978]
Event: 0.058 Thread 0x00000246bba1c710   43       3       java.util.concurrent.ConcurrentHashMap::addCount (280 bytes)

GC Heap History (0 events):
No events

Deoptimization events (0 events):
No events

Classes unloaded (0 events):
No events

Classes redefined (0 events):
No events

Internal exceptions (0 events):
No events

VM Operations (0 events):
No events

Events (15 events):
Event: 0.012 Loaded shared library C:\Program Files\Java\jdk-17\bin\java.dll
Event: 0.024 Loaded shared library C:\Program Files\Java\jdk-17\bin\jsvml.dll
Event: 0.024 Thread 0x000002469cfea960 Thread added: 0x000002469cfea960
Event: 0.030 Thread 0x00000246bb9da530 Thread added: 0x00000246bb9da530
Event: 0.030 Thread 0x00000246bb9dcb00 Thread added: 0x00000246bb9dcb00
Event: 0.037 loading class sun/nio/cs/UTF_8$Encoder
Event: 0.037 loading class sun/nio/cs/UTF_8$Encoder done
Event: 0.039 Thread 0x00000246bb9efa00 Thread added: 0x00000246bb9efa00
Event: 0.039 Thread 0x00000246bb9efed0 Thread added: 0x00000246bb9efed0
Event: 0.039 Thread 0x00000246bb9f0490 Thread added: 0x00000246bb9f0490
Event: 0.039 Thread 0x00000246bb9f5570 Thread added: 0x00000246bb9f5570
Event: 0.039 Thread 0x00000246bb9fde70 Thread added: 0x00000246bb9fde70
Event: 0.040 Thread 0x00000246bba1e060 Thread added: 0x00000246bba1e060
Event: 0.041 Thread 0x00000246bc420040 Thread added: 0x00000246bc420040
Event: 0.057 Thread 0x00000246bba1c710 Thread added: 0x00000246bba1c710


Dynamic libraries:
0x00007ff723500000 - 0x00007ff723510000 	C:\Program Files\Java\jdk-17\bin\javaw.exe
0x00007ff8c9af0000 - 0x00007ff8c9d04000 	C:\WINDOWS\SYSTEM32\ntdll.dll
0x00007ff8c9180000 - 0x00007ff8c9242000 	C:\WINDOWS\System32\KERNEL32.DLL
0x00007ff8c7370000 - 0x00007ff8c7713000 	C:\WINDOWS\System32\KERNELBASE.dll
0x00007ff8c6ef0000 - 0x00007ff8c7001000 	C:\WINDOWS\System32\ucrtbase.dll
0x00007ff8c0020000 - 0x00007ff8c003b000 	C:\Program Files\Java\jdk-17\bin\VCRUNTIME140.dll
0x00007ff8bffd0000 - 0x00007ff8bffe9000 	C:\Program Files\Java\jdk-17\bin\jli.dll
0x00007ff8c86c0000 - 0x00007ff8c876e000 	C:\WINDOWS\System32\ADVAPI32.dll
0x00007ff8c8920000 - 0x00007ff8c89c7000 	C:\WINDOWS\System32\msvcrt.dll
0x00007ff8c8f20000 - 0x00007ff8c8fc4000 	C:\WINDOWS\System32\sechost.dll
0x00007ff8c7b00000 - 0x00007ff8c7c17000 	C:\WINDOWS\System32\RPCRT4.dll
0x00007ff8c8d60000 - 0x00007ff8c8f0b000 	C:\WINDOWS\System32\USER32.dll
0x00007ff8c7180000 - 0x00007ff8c71a6000 	C:\WINDOWS\System32\win32u.dll
0x00007ff8c9150000 - 0x00007ff8c9179000 	C:\WINDOWS\System32\GDI32.dll
0x00007ff8c7250000 - 0x00007ff8c7369000 	C:\WINDOWS\System32\gdi32full.dll
0x00007ff8c71b0000 - 0x00007ff8c724a000 	C:\WINDOWS\System32\msvcp_win.dll
0x00007ff8af350000 - 0x00007ff8af5de000 	C:\WINDOWS\WinSxS\amd64_microsoft.windows.common-controls_6595b64144ccf1df_6.0.22621.1635_none_270f70857386168e\COMCTL32.dll
0x00007ff8be5e0000 - 0x00007ff8be5ea000 	C:\WINDOWS\SYSTEM32\VERSION.dll
0x00007ff8c97d0000 - 0x00007ff8c9801000 	C:\WINDOWS\System32\IMM32.DLL
0x00007ff8c2410000 - 0x00007ff8c241c000 	C:\Program Files\Java\jdk-17\bin\vcruntime140_1.dll
0x00007ff8ba1b0000 - 0x00007ff8ba23e000 	C:\Program Files\Java\jdk-17\bin\msvcp140.dll
0x00007ff86e1f0000 - 0x00007ff86edcd000 	C:\Program Files\Java\jdk-17\bin\server\jvm.dll
0x00007ff8c78d0000 - 0x00007ff8c78d8000 	C:\WINDOWS\System32\PSAPI.DLL
0x00007ff8b0250000 - 0x00007ff8b0259000 	C:\WINDOWS\SYSTEM32\WSOCK32.dll
0x00007ff8c88a0000 - 0x00007ff8c8911000 	C:\WINDOWS\System32\WS2_32.dll
0x00007ff8befb0000 - 0x00007ff8befe4000 	C:\WINDOWS\SYSTEM32\WINMM.dll
0x00007ff8c6030000 - 0x00007ff8c6048000 	C:\WINDOWS\SYSTEM32\kernel.appcore.dll
0x00007ff8c23b0000 - 0x00007ff8c23ba000 	C:\Program Files\Java\jdk-17\bin\jimage.dll
0x00007ff8c4610000 - 0x00007ff8c483e000 	C:\WINDOWS\SYSTEM32\DBGHELP.DLL
0x00007ff8c89d0000 - 0x00007ff8c8d59000 	C:\WINDOWS\System32\combase.dll
0x00007ff8c99d0000 - 0x00007ff8c9aa7000 	C:\WINDOWS\System32\OLEAUT32.dll
0x00007ff8bddc0000 - 0x00007ff8bddf2000 	C:\WINDOWS\SYSTEM32\dbgcore.DLL
0x00007ff8c7790000 - 0x00007ff8c780b000 	C:\WINDOWS\System32\bcryptPrimitives.dll
0x00007ff8ba2e0000 - 0x00007ff8ba305000 	C:\Program Files\Java\jdk-17\bin\java.dll
0x00007ff8b6cb0000 - 0x00007ff8b6d87000 	C:\Program Files\Java\jdk-17\bin\jsvml.dll
0x00007ff8c7eb0000 - 0x00007ff8c86aa000 	C:\WINDOWS\System32\SHELL32.dll
0x00007ff8c4eb0000 - 0x00007ff8c577e000 	C:\WINDOWS\SYSTEM32\windows.storage.dll
0x00007ff8c4d70000 - 0x00007ff8c4eae000 	C:\WINDOWS\SYSTEM32\wintypes.dll
0x00007ff8c9250000 - 0x00007ff8c9341000 	C:\WINDOWS\System32\SHCORE.dll
0x00007ff8c7e50000 - 0x00007ff8c7eae000 	C:\WINDOWS\System32\shlwapi.dll
0x00007ff8c6e20000 - 0x00007ff8c6e41000 	C:\WINDOWS\SYSTEM32\profapi.dll
0x00007ff8c0010000 - 0x00007ff8c0020000 	C:\Program Files\Java\jdk-17\bin\verify.dll

dbghelp: loaded successfully - version: 4.0.5 - missing functions: none
symbol engine: initialized successfully - sym options: 0x614 - pdb path: .;C:\Program Files\Java\jdk-17\bin;C:\WINDOWS\SYSTEM32;C:\WINDOWS\WinSxS\amd64_microsoft.windows.common-controls_6595b64144ccf1df_6.0.22621.1635_none_270f70857386168e;C:\Program Files\Java\jdk-17\bin\server

VM Arguments:
jvm_args: -Dfile.encoding=UTF-8 -XX:+ShowCodeDetailsInExceptionMessages 
java_command: JDBC.mains
java_class_path (initial): C:\Users\suraj\eclipse-workspace\CMS\bin;C:\Program Files (x86)\MySQL\mysql-connector-j-8.0.33\mysql-connector-j-8.0.33.jar
Launcher Type: SUN_STANDARD

[Global flags]
     intx CICompilerCount                          = 12                                        {product} {ergonomic}
     uint ConcGCThreads                            = 3                                         {product} {ergonomic}
     uint G1ConcRefinementThreads                  = 13                                        {product} {ergonomic}
   size_t G1HeapRegionSize                         = 1048576                                   {product} {ergonomic}
    uintx GCDrainStackTargetSize                   = 64                                        {product} {ergonomic}
   size_t InitialHeapSize                          = 130023424                                 {product} {ergonomic}
   size_t MarkStackSize                            = 4194304                                   {product} {ergonomic}
   size_t MaxHeapSize                              = 2071986176                                {product} {ergonomic}
   size_t MaxNewSize                               = 1242562560                                {product} {ergonomic}
   size_t MinHeapDeltaBytes                        = 1048576                                   {product} {ergonomic}
   size_t MinHeapSize                              = 8388608                                   {product} {ergonomic}
    uintx NonNMethodCodeHeapSize                   = 7602480                                {pd product} {ergonomic}
    uintx NonProfiledCodeHeapSize                  = 122027880                              {pd product} {ergonomic}
    uintx ProfiledCodeHeapSize                     = 122027880                              {pd product} {ergonomic}
    uintx ReservedCodeCacheSize                    = 251658240                              {pd product} {ergonomic}
     bool SegmentedCodeCache                       = true                                      {product} {ergonomic}
     bool ShowCodeDetailsInExceptionMessages       = true                                   {manageable} {command line}
   size_t SoftMaxHeapSize                          = 2071986176                             {manageable} {ergonomic}
     bool UseCompressedClassPointers               = true                           {product lp64_product} {ergonomic}
     bool UseCompressedOops                        = true                           {product lp64_product} {ergonomic}
     bool UseG1GC                                  = true                                      {product} {ergonomic}
     bool UseLargePagesIndividualAllocation        = false                                  {pd product} {ergonomic}

Logging:
Log output configuration:
 #0: stdout all=warning uptime,level,tags
 #1: stderr all=off uptime,level,tags

Environment Variables:
PATH=C:\Program Files\Common Files\Oracle\Java\javapath;C:\Program Files\Python311\Scripts\;C:\Program Files\Python311\;C:\oraclexe\app\oracle\product\11.2.0\server\bin;;C:\Program Files (x86)\Common Files\Oracle\Java\javapath;C:\Windows\system32;C:\Windows;C:\Windows\System32\Wbem;C:\Windows\System32\WindowsPowerShell\v1.0\;C:\Windows\System32\OpenSSH\;C:\Program Files (x86)\NVIDIA Corporation\PhysX\Common;C:\Program Files\NVIDIA Corporation\NVIDIA NvDLISR;C:\WINDOWS\system32;C:\WINDOWS;C:\WINDOWS\System32\Wbem;C:\WINDOWS\System32\WindowsPowerShell\v1.0\;C:\WINDOWS\System32\OpenSSH\;C:\MinGW\bin;C:\Program Files\Git\cmd;C:\Program Files\nodejs\;C:\metasploit-framework\bin\;C:\Program Files\MySQL\MySQL Shell 8.0\bin\;C:\Users\suraj\AppData\Local\Microsoft\WindowsApps;C:\Users\suraj\AppData\Local\Programs\Microsoft VS Code\bin;C:\Program Files\JetBrains\IntelliJ IDEA Community Edition 2022.2.3\bin;;C:\Users\suraj\AppData\Roaming\npm;C:\Program Files\MongoDB\Server\6.0\bin;D:\SOFTWARAER\mongoDB\mongosh-1.6.2-win32-x64\mongosh-1.6.2-win32-x64\bin;
USERNAME=suraj
OS=Windows_NT
PROCESSOR_IDENTIFIER=Intel64 Family 6 Model 154 Stepping 3, GenuineIntel



---------------  S Y S T E M  ---------------

OS:
 Windows 11 , 64 bit Build 22621 (10.0.22621.1778)
OS uptime: 1 days 12:49 hours
Hyper-V role detected

CPU: total 16 (initial active 16) (8 cores per cpu, 2 threads per core) family 6 model 154 stepping 3 microcode 0x419, cx8, cmov, fxsr, ht, mmx, 3dnowpref, sse, sse2, sse3, ssse3, sse4.1, sse4.2, popcnt, lzcnt, tsc, tscinvbit, avx, avx2, aes, erms, clmul, bmi1, bmi2, adx, sha, fma, vzeroupper, clflush, clflushopt, clwb, hv

Memory: 4k page, system-wide physical 7896M (1117M free)
TotalPageFile size 32472M (AvailPageFile size 1M)
current process WorkingSet (physical memory assigned to process): 28M, peak: 28M
current process commit charge ("private bytes"): 216M, peak: 216M

vm_info: Java HotSpot(TM) 64-Bit Server VM (17.0.7+8-LTS-224) for windows-amd64 JRE (17.0.7+8-LTS-224), built on Feb 28 2023 23:03:02 by "mach5one" with MS VC++ 17.1 (VS2022)

END.
